This is pdfTeX, Version 3.14159265-2.6-1.40.20 (TeX Live 2019) (preloaded format=pdflatex 2019.9.25)  8 JAN 2020 20:42
entering extended mode
 restricted \write18 enabled.
 file:line:error style messages enabled.
 %&-line parsing enabled.
**ontology_matching_tuning.tex
(./ontology_matching_tuning.tex
LaTeX2e <2018-12-01>
(/usr/local/texlive/2019/texmf-dist/tex/latex/base/article.cls
Document Class: article 2018/09/03 v1.4i Standard LaTeX document class
(/usr/local/texlive/2019/texmf-dist/tex/latex/base/size10.clo
File: size10.clo 2018/09/03 v1.4i Standard LaTeX file (size option)
)
\c@part=\count80
\c@section=\count81
\c@subsection=\count82
\c@subsubsection=\count83
\c@paragraph=\count84
\c@subparagraph=\count85
\c@figure=\count86
\c@table=\count87
\abovecaptionskip=\skip41
\belowcaptionskip=\skip42
\bibindent=\dimen102
)
(/usr/local/texlive/2019/texmf-dist/tex/latex/amsfonts/amsfonts.sty
Package: amsfonts 2013/01/14 v3.01 Basic AMSFonts support
\@emptytoks=\toks14
\symAMSa=\mathgroup4
\symAMSb=\mathgroup5
LaTeX Font Info:    Overwriting math alphabet `\mathfrak' in version `bold'
(Font)                  U/euf/m/n --> U/euf/b/n on input line 106.
)
(/usr/local/texlive/2019/texmf-dist/tex/latex/amsfonts/amssymb.sty
Package: amssymb 2013/01/14 v3.01 AMS font symbols
)
(/usr/local/texlive/2019/texmf-dist/tex/latex/amsmath/amsbsy.sty
Package: amsbsy 1999/11/29 v1.2d Bold Symbols

(/usr/local/texlive/2019/texmf-dist/tex/latex/amsmath/amsgen.sty
File: amsgen.sty 1999/11/30 v2.0 generic functions
\@emptytoks=\toks15
\ex@=\dimen103
)
\pmbraise@=\dimen104
)
(/usr/local/texlive/2019/texmf-dist/tex/latex/base/textcomp.sty
Package: textcomp 2018/08/11 v2.0j Standard LaTeX package
Package textcomp Info: Sub-encoding information:
(textcomp)               5 = only ISO-Adobe without \textcurrency
(textcomp)               4 = 5 + \texteuro
(textcomp)               3 = 4 + \textohm
(textcomp)               2 = 3 + \textestimated + \textcurrency
(textcomp)               1 = TS1 - \textcircled - \t
(textcomp)               0 = TS1 (full)
(textcomp)             Font families with sub-encoding setting implement
(textcomp)             only a restricted character set as indicated.
(textcomp)             Family '?' is the default used for unknown fonts.
(textcomp)             See the documentation for details.
Package textcomp Info: Setting ? sub-encoding to TS1/1 on input line 79.

(/usr/local/texlive/2019/texmf-dist/tex/latex/base/ts1enc.def
File: ts1enc.def 2001/06/05 v3.0e (jk/car/fm) Standard LaTeX file
Now handling font encoding TS1 ...
... processing UTF-8 mapping file for font encoding TS1

(/usr/local/texlive/2019/texmf-dist/tex/latex/base/ts1enc.dfu
File: ts1enc.dfu 2018/10/05 v1.2f UTF-8 support for inputenc
   defining Unicode char U+00A2 (decimal 162)
   defining Unicode char U+00A3 (decimal 163)
   defining Unicode char U+00A4 (decimal 164)
   defining Unicode char U+00A5 (decimal 165)
   defining Unicode char U+00A6 (decimal 166)
   defining Unicode char U+00A7 (decimal 167)
   defining Unicode char U+00A8 (decimal 168)
   defining Unicode char U+00A9 (decimal 169)
   defining Unicode char U+00AA (decimal 170)
   defining Unicode char U+00AC (decimal 172)
   defining Unicode char U+00AE (decimal 174)
   defining Unicode char U+00AF (decimal 175)
   defining Unicode char U+00B0 (decimal 176)
   defining Unicode char U+00B1 (decimal 177)
   defining Unicode char U+00B2 (decimal 178)
   defining Unicode char U+00B3 (decimal 179)
   defining Unicode char U+00B4 (decimal 180)
   defining Unicode char U+00B5 (decimal 181)
   defining Unicode char U+00B6 (decimal 182)
   defining Unicode char U+00B7 (decimal 183)
   defining Unicode char U+00B9 (decimal 185)
   defining Unicode char U+00BA (decimal 186)
   defining Unicode char U+00BC (decimal 188)
   defining Unicode char U+00BD (decimal 189)
   defining Unicode char U+00BE (decimal 190)
   defining Unicode char U+00D7 (decimal 215)
   defining Unicode char U+00F7 (decimal 247)
   defining Unicode char U+0192 (decimal 402)
   defining Unicode char U+02C7 (decimal 711)
   defining Unicode char U+02D8 (decimal 728)
   defining Unicode char U+02DD (decimal 733)
   defining Unicode char U+0E3F (decimal 3647)
   defining Unicode char U+2016 (decimal 8214)
   defining Unicode char U+2020 (decimal 8224)
   defining Unicode char U+2021 (decimal 8225)
   defining Unicode char U+2022 (decimal 8226)
   defining Unicode char U+2030 (decimal 8240)
   defining Unicode char U+2031 (decimal 8241)
   defining Unicode char U+203B (decimal 8251)
   defining Unicode char U+203D (decimal 8253)
   defining Unicode char U+2044 (decimal 8260)
   defining Unicode char U+204E (decimal 8270)
   defining Unicode char U+2052 (decimal 8274)
   defining Unicode char U+20A1 (decimal 8353)
   defining Unicode char U+20A4 (decimal 8356)
   defining Unicode char U+20A6 (decimal 8358)
   defining Unicode char U+20A9 (decimal 8361)
   defining Unicode char U+20AB (decimal 8363)
   defining Unicode char U+20AC (decimal 8364)
   defining Unicode char U+20B1 (decimal 8369)
   defining Unicode char U+2103 (decimal 8451)
   defining Unicode char U+2116 (decimal 8470)
   defining Unicode char U+2117 (decimal 8471)
   defining Unicode char U+211E (decimal 8478)
   defining Unicode char U+2120 (decimal 8480)
   defining Unicode char U+2122 (decimal 8482)
   defining Unicode char U+2126 (decimal 8486)
   defining Unicode char U+2127 (decimal 8487)
   defining Unicode char U+212E (decimal 8494)
   defining Unicode char U+2190 (decimal 8592)
   defining Unicode char U+2191 (decimal 8593)
   defining Unicode char U+2192 (decimal 8594)
   defining Unicode char U+2193 (decimal 8595)
   defining Unicode char U+2329 (decimal 9001)
   defining Unicode char U+232A (decimal 9002)
   defining Unicode char U+2422 (decimal 9250)
   defining Unicode char U+25E6 (decimal 9702)
   defining Unicode char U+25EF (decimal 9711)
   defining Unicode char U+266A (decimal 9834)
   defining Unicode char U+FEFF (decimal 65279)
))
LaTeX Info: Redefining \oldstylenums on input line 334.
Package textcomp Info: Setting cmr sub-encoding to TS1/0 on input line 349.
Package textcomp Info: Setting cmss sub-encoding to TS1/0 on input line 350.
Package textcomp Info: Setting cmtt sub-encoding to TS1/0 on input line 351.
Package textcomp Info: Setting cmvtt sub-encoding to TS1/0 on input line 352.
Package textcomp Info: Setting cmbr sub-encoding to TS1/0 on input line 353.
Package textcomp Info: Setting cmtl sub-encoding to TS1/0 on input line 354.
Package textcomp Info: Setting ccr sub-encoding to TS1/0 on input line 355.
Package textcomp Info: Setting ptm sub-encoding to TS1/4 on input line 356.
Package textcomp Info: Setting pcr sub-encoding to TS1/4 on input line 357.
Package textcomp Info: Setting phv sub-encoding to TS1/4 on input line 358.
Package textcomp Info: Setting ppl sub-encoding to TS1/3 on input line 359.
Package textcomp Info: Setting pag sub-encoding to TS1/4 on input line 360.
Package textcomp Info: Setting pbk sub-encoding to TS1/4 on input line 361.
Package textcomp Info: Setting pnc sub-encoding to TS1/4 on input line 362.
Package textcomp Info: Setting pzc sub-encoding to TS1/4 on input line 363.
Package textcomp Info: Setting bch sub-encoding to TS1/4 on input line 364.
Package textcomp Info: Setting put sub-encoding to TS1/5 on input line 365.
Package textcomp Info: Setting uag sub-encoding to TS1/5 on input line 366.
Package textcomp Info: Setting ugq sub-encoding to TS1/5 on input line 367.
Package textcomp Info: Setting ul8 sub-encoding to TS1/4 on input line 368.
Package textcomp Info: Setting ul9 sub-encoding to TS1/4 on input line 369.
Package textcomp Info: Setting augie sub-encoding to TS1/5 on input line 370.
Package textcomp Info: Setting dayrom sub-encoding to TS1/3 on input line 371.
Package textcomp Info: Setting dayroms sub-encoding to TS1/3 on input line 372.

Package textcomp Info: Setting pxr sub-encoding to TS1/0 on input line 373.
Package textcomp Info: Setting pxss sub-encoding to TS1/0 on input line 374.
Package textcomp Info: Setting pxtt sub-encoding to TS1/0 on input line 375.
Package textcomp Info: Setting txr sub-encoding to TS1/0 on input line 376.
Package textcomp Info: Setting txss sub-encoding to TS1/0 on input line 377.
Package textcomp Info: Setting txtt sub-encoding to TS1/0 on input line 378.
Package textcomp Info: Setting lmr sub-encoding to TS1/0 on input line 379.
Package textcomp Info: Setting lmdh sub-encoding to TS1/0 on input line 380.
Package textcomp Info: Setting lmss sub-encoding to TS1/0 on input line 381.
Package textcomp Info: Setting lmssq sub-encoding to TS1/0 on input line 382.
Package textcomp Info: Setting lmvtt sub-encoding to TS1/0 on input line 383.
Package textcomp Info: Setting lmtt sub-encoding to TS1/0 on input line 384.
Package textcomp Info: Setting qhv sub-encoding to TS1/0 on input line 385.
Package textcomp Info: Setting qag sub-encoding to TS1/0 on input line 386.
Package textcomp Info: Setting qbk sub-encoding to TS1/0 on input line 387.
Package textcomp Info: Setting qcr sub-encoding to TS1/0 on input line 388.
Package textcomp Info: Setting qcs sub-encoding to TS1/0 on input line 389.
Package textcomp Info: Setting qpl sub-encoding to TS1/0 on input line 390.
Package textcomp Info: Setting qtm sub-encoding to TS1/0 on input line 391.
Package textcomp Info: Setting qzc sub-encoding to TS1/0 on input line 392.
Package textcomp Info: Setting qhvc sub-encoding to TS1/0 on input line 393.
Package textcomp Info: Setting futs sub-encoding to TS1/4 on input line 394.
Package textcomp Info: Setting futx sub-encoding to TS1/4 on input line 395.
Package textcomp Info: Setting futj sub-encoding to TS1/4 on input line 396.
Package textcomp Info: Setting hlh sub-encoding to TS1/3 on input line 397.
Package textcomp Info: Setting hls sub-encoding to TS1/3 on input line 398.
Package textcomp Info: Setting hlst sub-encoding to TS1/3 on input line 399.
Package textcomp Info: Setting hlct sub-encoding to TS1/5 on input line 400.
Package textcomp Info: Setting hlx sub-encoding to TS1/5 on input line 401.
Package textcomp Info: Setting hlce sub-encoding to TS1/5 on input line 402.
Package textcomp Info: Setting hlcn sub-encoding to TS1/5 on input line 403.
Package textcomp Info: Setting hlcw sub-encoding to TS1/5 on input line 404.
Package textcomp Info: Setting hlcf sub-encoding to TS1/5 on input line 405.
Package textcomp Info: Setting pplx sub-encoding to TS1/3 on input line 406.
Package textcomp Info: Setting pplj sub-encoding to TS1/3 on input line 407.
Package textcomp Info: Setting ptmx sub-encoding to TS1/4 on input line 408.
Package textcomp Info: Setting ptmj sub-encoding to TS1/4 on input line 409.
)
(/usr/local/texlive/2019/texmf-dist/tex/latex/marvosym/marvosym.sty
Package: marvosym 2011/07/20 v2.2 Martin Vogel's Symbols font definitions
)
(/usr/local/texlive/2019/texmf-dist/tex/latex/amsmath/amsmath.sty
Package: amsmath 2018/12/01 v2.17b AMS math features
\@mathmargin=\skip43

For additional information on amsmath, use the `?' option.
(/usr/local/texlive/2019/texmf-dist/tex/latex/amsmath/amstext.sty
Package: amstext 2000/06/29 v2.01 AMS text
)
(/usr/local/texlive/2019/texmf-dist/tex/latex/amsmath/amsopn.sty
Package: amsopn 2016/03/08 v2.02 operator names
)
\inf@bad=\count88
LaTeX Info: Redefining \frac on input line 223.
\uproot@=\count89
\leftroot@=\count90
LaTeX Info: Redefining \overline on input line 385.
\classnum@=\count91
\DOTSCASE@=\count92
LaTeX Info: Redefining \ldots on input line 482.
LaTeX Info: Redefining \dots on input line 485.
LaTeX Info: Redefining \cdots on input line 606.
\Mathstrutbox@=\box27
\strutbox@=\box28
\big@size=\dimen105
LaTeX Font Info:    Redeclaring font encoding OML on input line 729.
LaTeX Font Info:    Redeclaring font encoding OMS on input line 730.
\macc@depth=\count93
\c@MaxMatrixCols=\count94
\dotsspace@=\muskip10
\c@parentequation=\count95
\dspbrk@lvl=\count96
\tag@help=\toks16
\row@=\count97
\column@=\count98
\maxfields@=\count99
\andhelp@=\toks17
\eqnshift@=\dimen106
\alignsep@=\dimen107
\tagshift@=\dimen108
\tagwidth@=\dimen109
\totwidth@=\dimen110
\lineht@=\dimen111
\@envbody=\toks18
\multlinegap=\skip44
\multlinetaggap=\skip45
\mathdisplay@stack=\toks19
LaTeX Info: Redefining \[ on input line 2844.
LaTeX Info: Redefining \] on input line 2845.
)
(/usr/local/texlive/2019/texmf-dist/tex/latex/caption/caption.sty
Package: caption 2018/10/06 v3.3-154 Customizing captions (AR)

(/usr/local/texlive/2019/texmf-dist/tex/latex/caption/caption3.sty
Package: caption3 2018/09/12 v1.8c caption3 kernel (AR)
Package caption3 Info: TeX engine: e-TeX on input line 64.

(/usr/local/texlive/2019/texmf-dist/tex/latex/graphics/keyval.sty
Package: keyval 2014/10/28 v1.15 key=value parser (DPC)
\KV@toks@=\toks20
)
\captionmargin=\dimen112
\captionmargin@=\dimen113
\captionwidth=\dimen114
\caption@tempdima=\dimen115
\caption@indent=\dimen116
\caption@parindent=\dimen117
\caption@hangindent=\dimen118
)
\c@caption@flags=\count100
\c@ContinuedFloat=\count101
)
(/usr/local/texlive/2019/texmf-dist/tex/latex/threeparttable/threeparttable.sty
Package: threeparttable 2003/06/13  v 3.0
\@tempboxb=\box29
) (/usr/local/texlive/2019/texmf-dist/tex/latex/amscls/amsthm.sty
Package: amsthm 2017/10/31 v2.20.4
\thm@style=\toks21
\thm@bodyfont=\toks22
\thm@headfont=\toks23
\thm@notefont=\toks24
\thm@headpunct=\toks25
\thm@preskip=\skip46
\thm@postskip=\skip47
\thm@headsep=\skip48
\dth@everypar=\toks26
)
(/usr/local/texlive/2019/texmf-dist/tex/latex/cite/cite.sty
LaTeX Info: Redefining \cite on input line 302.
LaTeX Info: Redefining \nocite on input line 332.
Package: cite 2015/02/27  v 5.5
)
(/usr/local/texlive/2019/texmf-dist/tex/latex/algorithm2e/algorithm2e.sty
Package: algorithm2e 2017/07/18 v5.2 algorithms environments
\c@AlgoLine=\count102

(/usr/local/texlive/2019/texmf-dist/tex/latex/base/ifthen.sty
Package: ifthen 2014/09/29 v1.1c Standard LaTeX ifthen package (DPC)
)
\algocf@hangindent=\skip49

(/usr/local/texlive/2019/texmf-dist/tex/latex/ifoddpage/ifoddpage.sty
Package: ifoddpage 2016/04/23 v1.1 Conditionals for odd/even page detection
\c@checkoddpage=\count103
)
(/usr/local/texlive/2019/texmf-dist/tex/latex/tools/xspace.sty
Package: xspace 2014/10/28 v1.13 Space after command names (DPC,MH)
)
(/usr/local/texlive/2019/texmf-dist/tex/latex/relsize/relsize.sty
Package: relsize 2013/03/29 ver 4.1
)
\skiptotal=\skip50
\skiplinenumber=\skip51
\skiprule=\skip52
\skiphlne=\skip53
\skiptext=\skip54
\skiplength=\skip55
\algomargin=\skip56
\skipalgocfslide=\skip57
\algowidth=\dimen119
\inoutsize=\dimen120
\inoutindent=\dimen121
\interspacetitleruled=\dimen122
\interspacealgoruled=\dimen123
\interspacetitleboxruled=\dimen124
\algocf@ruledwidth=\skip58
\algocf@inoutbox=\box30
\algocf@inputbox=\box31
\AlCapSkip=\skip59
\AlCapHSkip=\skip60
\algoskipindent=\skip61
\algocf@nlbox=\box32
\algocf@hangingbox=\box33
\algocf@untilbox=\box34
\algocf@skipuntil=\skip62
\algocf@capbox=\box35
\algocf@lcaptionbox=\skip63
\algoheightruledefault=\skip64
\algoheightrule=\skip65
\algotitleheightruledefault=\skip66
\algotitleheightrule=\skip67
\c@algocfline=\count104
\c@algocfproc=\count105
\c@algocf=\count106
\algocf@algoframe=\box36
\algocf@algobox=\box37
)
(/usr/local/texlive/2019/texmf-dist/tex/latex/eurosym/eurosym.sty
Package: eurosym 1998/08/06 v1.1 European currency symbol ``Euro''
\@eurobox=\box38
)
(/usr/local/texlive/2019/texmf-dist/tex/latex/jknapltx/mathrsfs.sty
Package: mathrsfs 1996/01/01 Math RSFS package v1.0 (jk)
\symrsfs=\mathgroup6
)
(/usr/local/texlive/2019/texmf-dist/tex/latex/fancyhdr/fancyhdr.sty
Package: fancyhdr 2019/01/31 v3.10 Extensive control of page headers and footer
s
\f@nch@headwidth=\skip68
\f@nch@O@elh=\skip69
\f@nch@O@erh=\skip70
\f@nch@O@olh=\skip71
\f@nch@O@orh=\skip72
\f@nch@O@elf=\skip73
\f@nch@O@erf=\skip74
\f@nch@O@olf=\skip75
\f@nch@O@orf=\skip76
)
(/usr/local/texlive/2019/texmf-dist/tex/latex/cjk/texinput/CJK.sty
Package: CJK 2015/04/18 4.8.4

(/usr/local/texlive/2019/texmf-dist/tex/latex/cjk/texinput/mule/MULEenc.sty
Package: MULEenc 2015/04/18 4.8.4
)
(/usr/local/texlive/2019/texmf-dist/tex/latex/cjk/texinput/CJK.enc
File: CJK.enc 2015/04/18 4.8.4
Now handling font encoding C00 ...
... no UTF-8 mapping file for font encoding C00
Now handling font encoding C05 ...
... no UTF-8 mapping file for font encoding C05
Now handling font encoding C09 ...
... no UTF-8 mapping file for font encoding C09
Now handling font encoding C10 ...
... no UTF-8 mapping file for font encoding C10
Now handling font encoding C20 ...
... no UTF-8 mapping file for font encoding C20
Now handling font encoding C19 ...
... no UTF-8 mapping file for font encoding C19
Now handling font encoding C40 ...
... no UTF-8 mapping file for font encoding C40
Now handling font encoding C42 ...
... no UTF-8 mapping file for font encoding C42
Now handling font encoding C43 ...
... no UTF-8 mapping file for font encoding C43
Now handling font encoding C50 ...
... no UTF-8 mapping file for font encoding C50
Now handling font encoding C52 ...
... no UTF-8 mapping file for font encoding C52
Now handling font encoding C49 ...
... no UTF-8 mapping file for font encoding C49
Now handling font encoding C60 ...
... no UTF-8 mapping file for font encoding C60
Now handling font encoding C61 ...
... no UTF-8 mapping file for font encoding C61
Now handling font encoding C63 ...
... no UTF-8 mapping file for font encoding C63
Now handling font encoding C64 ...
... no UTF-8 mapping file for font encoding C64
Now handling font encoding C65 ...
... no UTF-8 mapping file for font encoding C65
Now handling font encoding C70 ...
... no UTF-8 mapping file for font encoding C70
Now handling font encoding C31 ...
... no UTF-8 mapping file for font encoding C31
Now handling font encoding C32 ...
... no UTF-8 mapping file for font encoding C32
Now handling font encoding C33 ...
... no UTF-8 mapping file for font encoding C33
Now handling font encoding C34 ...
... no UTF-8 mapping file for font encoding C34
Now handling font encoding C35 ...
... no UTF-8 mapping file for font encoding C35
Now handling font encoding C36 ...
... no UTF-8 mapping file for font encoding C36
Now handling font encoding C37 ...
... no UTF-8 mapping file for font encoding C37
Now handling font encoding C80 ...
... no UTF-8 mapping file for font encoding C80
Now handling font encoding C81 ...
... no UTF-8 mapping file for font encoding C81
Now handling font encoding C01 ...
... no UTF-8 mapping file for font encoding C01
Now handling font encoding C11 ...
... no UTF-8 mapping file for font encoding C11
Now handling font encoding C21 ...
... no UTF-8 mapping file for font encoding C21
Now handling font encoding C41 ...
... no UTF-8 mapping file for font encoding C41
Now handling font encoding C62 ...
... no UTF-8 mapping file for font encoding C62
)
LaTeX Info: Redefining \selectfont on input line 755.
\CJK@indent=\box39
)
(/usr/local/texlive/2019/texmf-dist/tex/latex/tools/multicol.sty
Package: multicol 2018/12/27 v1.8v multicolumn formatting (FMi)
\c@tracingmulticols=\count107
\mult@box=\box40
\multicol@leftmargin=\dimen125
\c@unbalance=\count108
\c@collectmore=\count109
\doublecol@number=\count110
\multicoltolerance=\count111
\multicolpretolerance=\count112
\full@width=\dimen126
\page@free=\dimen127
\premulticols=\dimen128
\postmulticols=\dimen129
\multicolsep=\skip77
\multicolbaselineskip=\skip78
\partial@page=\box41
\last@line=\box42
\maxbalancingoverflow=\dimen130
\mult@rightbox=\box43
\mult@grightbox=\box44
\mult@gfirstbox=\box45
\mult@firstbox=\box46
\@tempa=\box47
\@tempa=\box48
\@tempa=\box49
\@tempa=\box50
\@tempa=\box51
\@tempa=\box52
\@tempa=\box53
\@tempa=\box54
\@tempa=\box55
\@tempa=\box56
\@tempa=\box57
\@tempa=\box58
\@tempa=\box59
\@tempa=\box60
\@tempa=\box61
\@tempa=\box62
\@tempa=\box63
\c@columnbadness=\count113
\c@finalcolumnbadness=\count114
\last@try=\dimen131
\multicolovershoot=\dimen132
\multicolundershoot=\dimen133
\mult@nat@firstbox=\box64
\colbreak@box=\box65
\mc@col@check@num=\count115
)
(/usr/local/texlive/2019/texmf-dist/tex/latex/graphics/graphics.sty
Package: graphics 2017/06/25 v1.2c Standard LaTeX Graphics (DPC,SPQR)

(/usr/local/texlive/2019/texmf-dist/tex/latex/graphics/trig.sty
Package: trig 2016/01/03 v1.10 sin cos tan (DPC)
)
(/usr/local/texlive/2019/texmf-dist/tex/latex/graphics-cfg/graphics.cfg
File: graphics.cfg 2016/06/04 v1.11 sample graphics configuration
)
Package graphics Info: Driver file: pdftex.def on input line 99.

(/usr/local/texlive/2019/texmf-dist/tex/latex/graphics-def/pdftex.def
File: pdftex.def 2018/01/08 v1.0l Graphics/color driver for pdftex
))
(/usr/local/texlive/2019/texmf-dist/tex/latex/tools/indentfirst.sty
Package: indentfirst 1995/11/23 v1.03 Indent first paragraph (DPC)
)
(/usr/local/texlive/2019/texmf-dist/tex/latex/graphics/color.sty
Package: color 2016/07/10 v1.1e Standard LaTeX Color (DPC)

(/usr/local/texlive/2019/texmf-dist/tex/latex/graphics-cfg/color.cfg
File: color.cfg 2016/01/02 v1.6 sample color configuration
)
Package color Info: Driver file: pdftex.def on input line 147.
)
(/usr/local/texlive/2019/texmf-dist/tex/latex/tools/bm.sty
Package: bm 2017/01/16 v1.2c Bold Symbol Support (DPC/FMi)
\symboldoperators=\mathgroup7
\symboldletters=\mathgroup8
\symboldsymbols=\mathgroup9
LaTeX Font Info:    Redeclaring math alphabet \mathbf on input line 141.
LaTeX Info: Redefining \bm on input line 207.
)
(/usr/local/texlive/2019/texmf-dist/tex/latex/was/upgreek.sty
Package: upgreek 2003/02/12 v2.0 (WaS)
Package upgreek Info: Using Euler Roman for upright Greek on input line 31.
\symugrf@m=\mathgroup10
LaTeX Font Info:    Overwriting symbol font `ugrf@m' in version `bold'
(Font)                  U/eur/m/n --> U/eur/b/n on input line 38.
)
(/usr/local/texlive/2019/texmf-dist/tex/latex/booktabs/booktabs.sty
Package: booktabs 2016/04/27 v1.618033 publication quality tables
\heavyrulewidth=\dimen134
\lightrulewidth=\dimen135
\cmidrulewidth=\dimen136
\belowrulesep=\dimen137
\belowbottomsep=\dimen138
\aboverulesep=\dimen139
\abovetopsep=\dimen140
\cmidrulesep=\dimen141
\cmidrulekern=\dimen142
\defaultaddspace=\dimen143
\@cmidla=\count116
\@cmidlb=\count117
\@aboverulesep=\dimen144
\@belowrulesep=\dimen145
\@thisruleclass=\count118
\@lastruleclass=\count119
\@thisrulewidth=\dimen146
)
(/usr/local/texlive/2019/texmf-dist/tex/latex/graphics/graphicx.sty
Package: graphicx 2017/06/01 v1.1a Enhanced LaTeX Graphics (DPC,SPQR)
\Gin@req@height=\dimen147
\Gin@req@width=\dimen148
)
(/usr/local/texlive/2019/texmf-dist/tex/latex/caption/subcaption.sty
Package: subcaption 2018/05/01 v1.1-162 Sub-captions (AR)
\c@subfigure=\count120
\c@subtable=\count121
)
(/Users/zhongkai/PycharmProjects/onto_match_tuning/out/ontology_matching_tuning
.aux

LaTeX Warning: Label `last-page' multiply defined.

)
\openout1 = `ontology_matching_tuning.aux'.

LaTeX Font Info:    Checking defaults for OML/cmm/m/it on input line 63.
LaTeX Font Info:    ... okay on input line 63.
LaTeX Font Info:    Checking defaults for T1/cmr/m/n on input line 63.
LaTeX Font Info:    ... okay on input line 63.
LaTeX Font Info:    Checking defaults for OT1/cmr/m/n on input line 63.
LaTeX Font Info:    ... okay on input line 63.
LaTeX Font Info:    Checking defaults for OMS/cmsy/m/n on input line 63.
LaTeX Font Info:    ... okay on input line 63.
LaTeX Font Info:    Checking defaults for OMX/cmex/m/n on input line 63.
LaTeX Font Info:    ... okay on input line 63.
LaTeX Font Info:    Checking defaults for U/cmr/m/n on input line 63.
LaTeX Font Info:    ... okay on input line 63.
LaTeX Font Info:    Checking defaults for TS1/cmr/m/n on input line 63.
LaTeX Font Info:    Try loading font information for TS1+cmr on input line 63.
 (/usr/local/texlive/2019/texmf-dist/tex/latex/base/ts1cmr.fd
File: ts1cmr.fd 2014/09/29 v2.5h Standard LaTeX font definitions
)
LaTeX Font Info:    ... okay on input line 63.
LaTeX Font Info:    Checking defaults for C00/song/m/n on input line 63.
LaTeX Font Info:    ... okay on input line 63.
LaTeX Font Info:    Checking defaults for C05/song/m/n on input line 63.
LaTeX Font Info:    ... okay on input line 63.
LaTeX Font Info:    Checking defaults for C09/song/m/n on input line 63.
LaTeX Font Info:    ... okay on input line 63.
LaTeX Font Info:    Checking defaults for C10/song/m/n on input line 63.
LaTeX Font Info:    ... okay on input line 63.
LaTeX Font Info:    Checking defaults for C20/song/m/n on input line 63.
LaTeX Font Info:    ... okay on input line 63.
LaTeX Font Info:    Checking defaults for C19/song/m/n on input line 63.
LaTeX Font Info:    ... okay on input line 63.
LaTeX Font Info:    Checking defaults for C40/song/m/n on input line 63.
LaTeX Font Info:    ... okay on input line 63.
LaTeX Font Info:    Checking defaults for C42/song/m/n on input line 63.
LaTeX Font Info:    ... okay on input line 63.
LaTeX Font Info:    Checking defaults for C43/song/m/n on input line 63.
LaTeX Font Info:    ... okay on input line 63.
LaTeX Font Info:    Checking defaults for C50/song/m/n on input line 63.
LaTeX Font Info:    ... okay on input line 63.
LaTeX Font Info:    Checking defaults for C52/song/m/n on input line 63.
LaTeX Font Info:    ... okay on input line 63.
LaTeX Font Info:    Checking defaults for C49/song/m/n on input line 63.
LaTeX Font Info:    ... okay on input line 63.
LaTeX Font Info:    Checking defaults for C60/mj/m/n on input line 63.
LaTeX Font Info:    ... okay on input line 63.
LaTeX Font Info:    Checking defaults for C61/mj/m/n on input line 63.
LaTeX Font Info:    ... okay on input line 63.
LaTeX Font Info:    Checking defaults for C63/mj/m/n on input line 63.
LaTeX Font Info:    ... okay on input line 63.
LaTeX Font Info:    Checking defaults for C64/mj/m/n on input line 63.
LaTeX Font Info:    ... okay on input line 63.
LaTeX Font Info:    Checking defaults for C65/mj/m/n on input line 63.
LaTeX Font Info:    ... okay on input line 63.
LaTeX Font Info:    Checking defaults for C70/song/m/n on input line 63.
LaTeX Font Info:    ... okay on input line 63.
LaTeX Font Info:    Checking defaults for C31/song/m/n on input line 63.
LaTeX Font Info:    ... okay on input line 63.
LaTeX Font Info:    Checking defaults for C32/song/m/n on input line 63.
LaTeX Font Info:    ... okay on input line 63.
LaTeX Font Info:    Checking defaults for C33/song/m/n on input line 63.
LaTeX Font Info:    ... okay on input line 63.
LaTeX Font Info:    Checking defaults for C34/song/m/n on input line 63.
LaTeX Font Info:    ... okay on input line 63.
LaTeX Font Info:    Checking defaults for C35/song/m/n on input line 63.
LaTeX Font Info:    ... okay on input line 63.
LaTeX Font Info:    Checking defaults for C36/song/m/n on input line 63.
LaTeX Font Info:    ... okay on input line 63.
LaTeX Font Info:    Checking defaults for C37/song/m/n on input line 63.
LaTeX Font Info:    ... okay on input line 63.
LaTeX Font Info:    Checking defaults for C80/song/m/n on input line 63.
LaTeX Font Info:    ... okay on input line 63.
LaTeX Font Info:    Checking defaults for C81/song/m/n on input line 63.
LaTeX Font Info:    ... okay on input line 63.
LaTeX Font Info:    Checking defaults for C01/song/m/n on input line 63.
LaTeX Font Info:    ... okay on input line 63.
LaTeX Font Info:    Checking defaults for C11/song/m/n on input line 63.
LaTeX Font Info:    ... okay on input line 63.
LaTeX Font Info:    Checking defaults for C21/song/m/n on input line 63.
LaTeX Font Info:    ... okay on input line 63.
LaTeX Font Info:    Checking defaults for C41/song/m/n on input line 63.
LaTeX Font Info:    ... okay on input line 63.
LaTeX Font Info:    Checking defaults for C62/song/m/n on input line 63.
LaTeX Font Info:    ... okay on input line 63.
Package caption Info: Begin \AtBeginDocument code.
Package caption Info: threeparttable package is loaded.
Package caption Info: End \AtBeginDocument code.

(/usr/local/texlive/2019/texmf-dist/tex/context/base/mkii/supp-pdf.mkii
[Loading MPS to PDF converter (version 2006.09.02).]
\scratchcounter=\count122
\scratchdimen=\dimen149
\scratchbox=\box66
\nofMPsegments=\count123
\nofMParguments=\count124
\everyMPshowfont=\toks27
\MPscratchCnt=\count125
\MPscratchDim=\dimen150
\MPnumerator=\count126
\makeMPintoPDFobject=\count127
\everyMPtoPDFconversion=\toks28
) (/usr/local/texlive/2019/texmf-dist/tex/latex/oberdiek/epstopdf-base.sty
Package: epstopdf-base 2016/05/15 v2.6 Base part for package epstopdf

(/usr/local/texlive/2019/texmf-dist/tex/generic/oberdiek/infwarerr.sty
Package: infwarerr 2016/05/16 v1.4 Providing info/warning/error messages (HO)
)
(/usr/local/texlive/2019/texmf-dist/tex/latex/oberdiek/grfext.sty
Package: grfext 2016/05/16 v1.2 Manage graphics extensions (HO)

(/usr/local/texlive/2019/texmf-dist/tex/generic/oberdiek/kvdefinekeys.sty
Package: kvdefinekeys 2016/05/16 v1.4 Define keys (HO)

(/usr/local/texlive/2019/texmf-dist/tex/generic/oberdiek/ltxcmds.sty
Package: ltxcmds 2016/05/16 v1.23 LaTeX kernel commands for general use (HO)
)))
(/usr/local/texlive/2019/texmf-dist/tex/latex/oberdiek/kvoptions.sty
Package: kvoptions 2016/05/16 v3.12 Key value format for package options (HO)

(/usr/local/texlive/2019/texmf-dist/tex/generic/oberdiek/kvsetkeys.sty
Package: kvsetkeys 2016/05/16 v1.17 Key value parser (HO)

(/usr/local/texlive/2019/texmf-dist/tex/generic/oberdiek/etexcmds.sty
Package: etexcmds 2016/05/16 v1.6 Avoid name clashes with e-TeX commands (HO)

(/usr/local/texlive/2019/texmf-dist/tex/generic/oberdiek/ifluatex.sty
Package: ifluatex 2016/05/16 v1.4 Provides the ifluatex switch (HO)
Package ifluatex Info: LuaTeX not detected.
))))
(/usr/local/texlive/2019/texmf-dist/tex/generic/oberdiek/pdftexcmds.sty
Package: pdftexcmds 2018/09/10 v0.29 Utility functions of pdfTeX for LuaTeX (HO
)

(/usr/local/texlive/2019/texmf-dist/tex/generic/oberdiek/ifpdf.sty
Package: ifpdf 2018/09/07 v3.3 Provides the ifpdf switch
)
Package pdftexcmds Info: LuaTeX not detected.
Package pdftexcmds Info: \pdf@primitive is available.
Package pdftexcmds Info: \pdf@ifprimitive is available.
Package pdftexcmds Info: \pdfdraftmode found.
)
Package epstopdf-base Info: Redefining graphics rule for `.eps' on input line 4
38.
Package grfext Info: Graphics extension search list:
(grfext)             [.pdf,.png,.jpg,.mps,.jpeg,.jbig2,.jb2,.PDF,.PNG,.JPG,.JPE
G,.JBIG2,.JB2,.eps]
(grfext)             \AppendGraphicsExtensions on input line 456.

(/usr/local/texlive/2019/texmf-dist/tex/latex/latexconfig/epstopdf-sys.cfg
File: epstopdf-sys.cfg 2010/07/13 v1.3 Configuration of (r)epstopdf for TeX Liv
e
))
(/usr/local/texlive/2019/texmf-dist/tex/latex/cjk/texinput/standard.bdg
File: standard.bdg 2015/04/18 4.8.4
)
(/usr/local/texlive/2019/texmf-dist/tex/latex/cjk/texinput/extended.enc
File: extended.enc 2015/04/18 4.8.4
)
(/usr/local/texlive/2019/texmf-dist/tex/latex/cjk/texinput/extended.chr
File: extended.chr 2015/04/18 4.8.4
)
LaTeX Font Info:    Try loading font information for U+msa on input line 72.

(/usr/local/texlive/2019/texmf-dist/tex/latex/amsfonts/umsa.fd
File: umsa.fd 2013/01/14 v3.01 AMS symbols A
)
LaTeX Font Info:    Try loading font information for U+msb on input line 72.

(/usr/local/texlive/2019/texmf-dist/tex/latex/amsfonts/umsb.fd
File: umsb.fd 2013/01/14 v3.01 AMS symbols B
)
LaTeX Font Info:    Try loading font information for U+rsfs on input line 72.

(/usr/local/texlive/2019/texmf-dist/tex/latex/jknapltx/ursfs.fd
File: ursfs.fd 1998/03/24 rsfs font definition file (jk)
) [1

{/usr/local/texlive/2019/texmf-var/fonts/map/pdftex/updmap/pdftex.map}]

LaTeX Warning: Citation `wwy32' on page 2 undefined on input line 146.

[2]

LaTeX Warning: Citation `wwy42' on page 3 undefined on input line 164.

[3] [4]

LaTeX Warning: Citation `Shvaiko2012' on page 5 undefined on input line 199.


LaTeX Warning: Citation `Euzenat2013' on page 5 undefined on input line 199.

[5] [6] [7] [8]
Overfull \hbox (24.71161pt too wide) in paragraph at lines 378--385
[]\tenrm (\OMS/cmsy/m/n/10 f[]\OML/cmm/m/it/10 ; []; []; []\OMS/cmsy/m/n/10 g\O
ML/cmm/m/it/10 ; \OMS/cmsy/m/n/10 f[]\OML/cmm/m/it/10 ; []; []; []\OMS/cmsy/m/n
/10 g\tenrm )$ 
 []

[9] [10]
Underfull \hbox (badness 10000) in paragraph at lines 461--463
[]\tenrm First, the prop-er-ties of the gen-eral cal-cu-la-tion func-tion BM fo
r the op-ti-mal match-
 []


Underfull \hbox (badness 10000) in paragraph at lines 461--463
\tenrm ing be-tween the two sets are an-a-lyzed, and the fol-low-ing prop-er-ti
es are ob-tained:
 []


Underfull \hbox (badness 1931) in paragraph at lines 461--463
[]$ \tenrm Given the sets $\OMS/cmsy/m/n/10 X[]$ \tenrm and $\OMS/cmsy/m/n/10 X
[]$\tenrm , if
 []

[11]
Overfull \hbox (6.79999pt too wide) in paragraph at lines 513--538
[] 
 []


Underfull \vbox (badness 1540) has occurred while \output is active []

 [12]
[13]

LaTeX Warning: Citation `tyz74' on page 14 undefined on input line 563.


LaTeX Warning: Reference `table:onto_descriptors' on page 14 undefined on input
 line 596.


LaTeX Warning: Reference `eq:def_kbase' on page 14 undefined on input line 598.


[14]

LaTeX Warning: Citation `tyz74' on page 15 undefined on input line 626.


LaTeX Warning: Citation `tyz74' on page 15 undefined on input line 628.

[15]

LaTeX Warning: Citation `tyz75' on page 16 undefined on input line 647.

[16]

LaTeX Warning: Citation `wwy58' on page 17 undefined on input line 690.

[17]
Underfull \hbox (badness 10000) in paragraph at lines 709--710

 []

[18]

LaTeX Warning: Citation `wwy59' on page 19 undefined on input line 743.

<figures/legend.pdf, id=83, 240.9pt x 10.0375pt>
File: figures/legend.pdf Graphic file (type pdf)
<use figures/legend.pdf>
Package pdftex.def Info: figures/legend.pdf  used on input line 787.
(pdftex.def)             Requested size: 224.06392pt x 9.33629pt.
<data_figs/Falcon-AO_F1-Measure.pdf, id=84, 315.1775pt x 161.60374pt>
File: data_figs/Falcon-AO_F1-Measure.pdf Graphic file (type pdf)
<use data_figs/Falcon-AO_F1-Measure.pdf>
Package pdftex.def Info: data_figs/Falcon-AO_F1-Measure.pdf  used on input line
 792.
(pdftex.def)             Requested size: 248.96161pt x 127.65323pt.
[19]
File: figures/legend.pdf Graphic file (type pdf)
<use figures/legend.pdf>
Package pdftex.def Info: figures/legend.pdf  used on input line 811.
(pdftex.def)             Requested size: 224.06392pt x 9.33629pt.
<data_figs/GMap_F1-Measure.pdf, id=89, 331.2375pt x 176.66pt>
File: data_figs/GMap_F1-Measure.pdf Graphic file (type pdf)
<use data_figs/GMap_F1-Measure.pdf>
Package pdftex.def Info: data_figs/GMap_F1-Measure.pdf  used on input line 815.

(pdftex.def)             Requested size: 243.9851pt x 130.12521pt.
<data_figs/Lily_F1-Measure.pdf, id=90, 318.18875pt x 171.64125pt>
File: data_figs/Lily_F1-Measure.pdf Graphic file (type pdf)
<use data_figs/Lily_F1-Measure.pdf>
Package pdftex.def Info: data_figs/Lily_F1-Measure.pdf  used on input line 821.

(pdftex.def)             Requested size: 243.9851pt x 131.61153pt.
 [20 <./figures/legend.pdf> <./data_figs/Falcon-AO_F1-Measure.pdf

pdfTeX warning: /Library/TeX/texbin/pdflatex (file ./data_figs/Falcon-AO_F1-Mea
sure.pdf): PDF inclusion: multiple pdfs with page group included in a single pa
ge
>]
File: figures/legend.pdf Graphic file (type pdf)
<use figures/legend.pdf>
Package pdftex.def Info: figures/legend.pdf  used on input line 834.
(pdftex.def)             Requested size: 224.06392pt x 9.33629pt.
<data_figs/LogMap_F1-Measure.pdf, id=276, 331.2375pt x 176.66pt>
File: data_figs/LogMap_F1-Measure.pdf Graphic file (type pdf)
<use data_figs/LogMap_F1-Measure.pdf>
Package pdftex.def Info: data_figs/LogMap_F1-Measure.pdf  used on input line 83
8.
(pdftex.def)             Requested size: 243.9851pt x 130.12521pt.
<data_figs/OLA_F1-Measure.pdf, id=277, 318.18875pt x 171.64125pt>
File: data_figs/OLA_F1-Measure.pdf Graphic file (type pdf)
<use data_figs/OLA_F1-Measure.pdf>
Package pdftex.def Info: data_figs/OLA_F1-Measure.pdf  used on input line 844.
(pdftex.def)             Requested size: 243.9851pt x 131.61153pt.
 [21 <./data_figs/GMap_F1-Measure.pdf> <./data_figs/Lily_F1-Measure.pdf

pdfTeX warning: /Library/TeX/texbin/pdflatex (file ./data_figs/Lily_F1-Measure.
pdf): PDF inclusion: multiple pdfs with page group included in a single page
> <./data_figs/LogMap_F1-Measure.pdf

pdfTeX warning: /Library/TeX/texbin/pdflatex (file ./data_figs/LogMap_F1-Measur
e.pdf): PDF inclusion: multiple pdfs with page group included in a single page
> <./data_figs/OLA_F1-Measure.pdf

pdfTeX warning: /Library/TeX/texbin/pdflatex (file ./data_figs/OLA_F1-Measure.p
df): PDF inclusion: multiple pdfs with page group included in a single page
>]
File: figures/legend.pdf Graphic file (type pdf)
<use figures/legend.pdf>
Package pdftex.def Info: figures/legend.pdf  used on input line 877.
(pdftex.def)             Requested size: 224.06392pt x 9.33629pt.
<data_figs/benchmark_101_F1-Measure.pdf, id=844, 315.1775pt x 156.585pt>
File: data_figs/benchmark_101_F1-Measure.pdf Graphic file (type pdf)
<use data_figs/benchmark_101_F1-Measure.pdf>
Package pdftex.def Info: data_figs/benchmark_101_F1-Measure.pdf  used on input 
line 881.
(pdftex.def)             Requested size: 248.96161pt x 123.68884pt.
<data_figs/benchmark_101_Precision.pdf, id=845, 331.2375pt x 171.64125pt>
File: data_figs/benchmark_101_Precision.pdf Graphic file (type pdf)
<use data_figs/benchmark_101_Precision.pdf>
Package pdftex.def Info: data_figs/benchmark_101_Precision.pdf  used on input l
ine 888.
(pdftex.def)             Requested size: 243.9851pt x 126.42847pt.
<data_figs/benchmark_101_Recall.pdf, id=846, 318.18875pt x 166.6225pt>
File: data_figs/benchmark_101_Recall.pdf Graphic file (type pdf)
<use data_figs/benchmark_101_Recall.pdf>
Package pdftex.def Info: data_figs/benchmark_101_Recall.pdf  used on input line
 894.
(pdftex.def)             Requested size: 243.9851pt x 127.76326pt.
File: figures/legend.pdf Graphic file (type pdf)
<use figures/legend.pdf>
Package pdftex.def Info: figures/legend.pdf  used on input line 909.
(pdftex.def)             Requested size: 224.06392pt x 9.33629pt.
<data_figs/benchmark_201-202_F1-Measure.pdf, id=847, 315.1775pt x 156.585pt>
File: data_figs/benchmark_201-202_F1-Measure.pdf Graphic file (type pdf)
<use data_figs/benchmark_201-202_F1-Measure.pdf>
Package pdftex.def Info: data_figs/benchmark_201-202_F1-Measure.pdf  used on in
put line 913.
(pdftex.def)             Requested size: 248.96161pt x 123.68884pt.
<data_figs/benchmark_201-202_Precision.pdf, id=848, 331.2375pt x 171.64125pt>
File: data_figs/benchmark_201-202_Precision.pdf Graphic file (type pdf)
<use data_figs/benchmark_201-202_Precision.pdf>
Package pdftex.def Info: data_figs/benchmark_201-202_Precision.pdf  used on inp
ut line 920.
(pdftex.def)             Requested size: 243.9851pt x 126.42847pt.
<data_figs/benchmark_201-202_Recall.pdf, id=849, 318.18875pt x 166.6225pt>
File: data_figs/benchmark_201-202_Recall.pdf Graphic file (type pdf)
<use data_figs/benchmark_201-202_Recall.pdf>
Package pdftex.def Info: data_figs/benchmark_201-202_Recall.pdf  used on input 
line 926.
(pdftex.def)             Requested size: 243.9851pt x 127.76326pt.
 [22]
File: figures/legend.pdf Graphic file (type pdf)
<use figures/legend.pdf>
Package pdftex.def Info: figures/legend.pdf  used on input line 949.
(pdftex.def)             Requested size: 224.06392pt x 9.33629pt.
<data_figs/benchmark_221-247_F1-Measure.pdf, id=853, 315.1775pt x 156.585pt>
File: data_figs/benchmark_221-247_F1-Measure.pdf Graphic file (type pdf)
<use data_figs/benchmark_221-247_F1-Measure.pdf>
Package pdftex.def Info: data_figs/benchmark_221-247_F1-Measure.pdf  used on in
put line 953.
(pdftex.def)             Requested size: 248.96161pt x 123.68884pt.
<data_figs/benchmark_221-247_Precision.pdf, id=854, 331.2375pt x 171.64125pt>
File: data_figs/benchmark_221-247_Precision.pdf Graphic file (type pdf)
<use data_figs/benchmark_221-247_Precision.pdf>
Package pdftex.def Info: data_figs/benchmark_221-247_Precision.pdf  used on inp
ut line 960.
(pdftex.def)             Requested size: 243.9851pt x 126.42847pt.
<data_figs/benchmark_221-247_Recall.pdf, id=855, 318.18875pt x 166.6225pt>
File: data_figs/benchmark_221-247_Recall.pdf Graphic file (type pdf)
<use data_figs/benchmark_221-247_Recall.pdf>
Package pdftex.def Info: data_figs/benchmark_221-247_Recall.pdf  used on input 
line 966.
(pdftex.def)             Requested size: 243.9851pt x 127.76326pt.
 [23 <./data_figs/benchmark_101_F1-Measure.pdf> <./data_figs/benchmark_101_Prec
ision.pdf

pdfTeX warning: /Library/TeX/texbin/pdflatex (file ./data_figs/benchmark_101_Pr
ecision.pdf): PDF inclusion: multiple pdfs with page group included in a single
 page
> <./data_figs/benchmark_101_Recall.pdf

pdfTeX warning: /Library/TeX/texbin/pdflatex (file ./data_figs/benchmark_101_Re
call.pdf): PDF inclusion: multiple pdfs with page group included in a single pa
ge
>]
File: figures/legend.pdf Graphic file (type pdf)
<use figures/legend.pdf>
Package pdftex.def Info: figures/legend.pdf  used on input line 985.
(pdftex.def)             Requested size: 224.06392pt x 9.33629pt.
<data_figs/benchmark_248-266_F1-Measure.pdf, id=1312, 315.1775pt x 156.585pt>
File: data_figs/benchmark_248-266_F1-Measure.pdf Graphic file (type pdf)
<use data_figs/benchmark_248-266_F1-Measure.pdf>
Package pdftex.def Info: data_figs/benchmark_248-266_F1-Measure.pdf  used on in
put line 989.
(pdftex.def)             Requested size: 248.96161pt x 123.68884pt.
<data_figs/benchmark_248-266_Precision.pdf, id=1313, 331.2375pt x 171.64125pt>
File: data_figs/benchmark_248-266_Precision.pdf Graphic file (type pdf)
<use data_figs/benchmark_248-266_Precision.pdf>
Package pdftex.def Info: data_figs/benchmark_248-266_Precision.pdf  used on inp
ut line 996.
(pdftex.def)             Requested size: 243.9851pt x 126.42847pt.
<data_figs/benchmark_248-266_Recall.pdf, id=1314, 318.18875pt x 166.6225pt>
File: data_figs/benchmark_248-266_Recall.pdf Graphic file (type pdf)
<use data_figs/benchmark_248-266_Recall.pdf>
Package pdftex.def Info: data_figs/benchmark_248-266_Recall.pdf  used on input 
line 1002.
(pdftex.def)             Requested size: 243.9851pt x 127.76326pt.
 [24 <./data_figs/benchmark_201-202_F1-Measure.pdf> <./data_figs/benchmark_201-
202_Precision.pdf

pdfTeX warning: /Library/TeX/texbin/pdflatex (file ./data_figs/benchmark_201-20
2_Precision.pdf): PDF inclusion: multiple pdfs with page group included in a si
ngle page
> <./data_figs/benchmark_201-202_Recall.pdf

pdfTeX warning: /Library/TeX/texbin/pdflatex (file ./data_figs/benchmark_201-20
2_Recall.pdf): PDF inclusion: multiple pdfs with page group included in a singl
e page
>]
File: figures/legend.pdf Graphic file (type pdf)
<use figures/legend.pdf>
Package pdftex.def Info: figures/legend.pdf  used on input line 1019.
(pdftex.def)             Requested size: 224.06392pt x 9.33629pt.
<data_figs/benchmark_average_F1-Measure.pdf, id=1771, 315.1775pt x 156.585pt>
File: data_figs/benchmark_average_F1-Measure.pdf Graphic file (type pdf)
<use data_figs/benchmark_average_F1-Measure.pdf>
Package pdftex.def Info: data_figs/benchmark_average_F1-Measure.pdf  used on in
put line 1023.
(pdftex.def)             Requested size: 248.96161pt x 123.68884pt.
<data_figs/benchmark_average_Precision.pdf, id=1772, 331.2375pt x 171.64125pt>
File: data_figs/benchmark_average_Precision.pdf Graphic file (type pdf)
<use data_figs/benchmark_average_Precision.pdf>
Package pdftex.def Info: data_figs/benchmark_average_Precision.pdf  used on inp
ut line 1030.
(pdftex.def)             Requested size: 243.9851pt x 126.42847pt.
<data_figs/benchmark_average_Recall.pdf, id=1773, 318.18875pt x 166.6225pt>
File: data_figs/benchmark_average_Recall.pdf Graphic file (type pdf)
<use data_figs/benchmark_average_Recall.pdf>
Package pdftex.def Info: data_figs/benchmark_average_Recall.pdf  used on input 
line 1036.
(pdftex.def)             Requested size: 243.9851pt x 127.76326pt.
 [25 <./data_figs/benchmark_221-247_F1-Measure.pdf> <./data_figs/benchmark_221-
247_Precision.pdf

pdfTeX warning: /Library/TeX/texbin/pdflatex (file ./data_figs/benchmark_221-24
7_Precision.pdf): PDF inclusion: multiple pdfs with page group included in a si
ngle page
> <./data_figs/benchmark_221-247_Recall.pdf

pdfTeX warning: /Library/TeX/texbin/pdflatex (file ./data_figs/benchmark_221-24
7_Recall.pdf): PDF inclusion: multiple pdfs with page group included in a singl
e page
>]
File: figures/legend.pdf Graphic file (type pdf)
<use figures/legend.pdf>
Package pdftex.def Info: figures/legend.pdf  used on input line 1053.
(pdftex.def)             Requested size: 224.06392pt x 9.33629pt.
<data_figs/conference_average_F1-Measure.pdf, id=2231, 315.1775pt x 156.585pt>
File: data_figs/conference_average_F1-Measure.pdf Graphic file (type pdf)
<use data_figs/conference_average_F1-Measure.pdf>
Package pdftex.def Info: data_figs/conference_average_F1-Measure.pdf  used on i
nput line 1057.
(pdftex.def)             Requested size: 248.96161pt x 123.68884pt.
<data_figs/conference_average_Precision.pdf, id=2232, 331.2375pt x 171.64125pt>

File: data_figs/conference_average_Precision.pdf Graphic file (type pdf)
<use data_figs/conference_average_Precision.pdf>
Package pdftex.def Info: data_figs/conference_average_Precision.pdf  used on in
put line 1064.
(pdftex.def)             Requested size: 243.9851pt x 126.42847pt.
<data_figs/conference_average_Recall.pdf, id=2233, 318.18875pt x 166.6225pt>
File: data_figs/conference_average_Recall.pdf Graphic file (type pdf)
<use data_figs/conference_average_Recall.pdf>
Package pdftex.def Info: data_figs/conference_average_Recall.pdf  used on input
 line 1070.
(pdftex.def)             Requested size: 243.9851pt x 127.76326pt.
File: figures/legend.pdf Graphic file (type pdf)
<use figures/legend.pdf>
Package pdftex.def Info: figures/legend.pdf  used on input line 1086.
(pdftex.def)             Requested size: 224.06392pt x 9.33629pt.
<data_figs/anatomy_anatomy_F1-Measure.pdf, id=2234, 315.1775pt x 156.585pt>
File: data_figs/anatomy_anatomy_F1-Measure.pdf Graphic file (type pdf)
<use data_figs/anatomy_anatomy_F1-Measure.pdf>
Package pdftex.def Info: data_figs/anatomy_anatomy_F1-Measure.pdf  used on inpu
t line 1090.
(pdftex.def)             Requested size: 248.96161pt x 123.68884pt.
<data_figs/anatomy_anatomy_Precision.pdf, id=2235, 331.2375pt x 171.64125pt>
File: data_figs/anatomy_anatomy_Precision.pdf Graphic file (type pdf)
<use data_figs/anatomy_anatomy_Precision.pdf>
Package pdftex.def Info: data_figs/anatomy_anatomy_Precision.pdf  used on input
 line 1097.
(pdftex.def)             Requested size: 243.9851pt x 126.42847pt.

./ontology_matching_tuning.tex:1101: Extra }, or forgotten \endgroup.
l.1101 \begin{subfigure}{0.49\textwidth}}
                                         
I've deleted a group-closing symbol because it seems to be
spurious, as in `$x}$'. But perhaps the } is legitimate and
you forgot something else, as in `\hbox{$x}'. In such cases
the way to recover is to insert both the forgotten and the
deleted material, e.g., by typing `I$}'.

<data_figs/anatomy_anatomy_Recall.pdf, id=2236, 318.18875pt x 166.6225pt>
File: data_figs/anatomy_anatomy_Recall.pdf Graphic file (type pdf)
<use data_figs/anatomy_anatomy_Recall.pdf>
Package pdftex.def Info: data_figs/anatomy_anatomy_Recall.pdf  used on input li
ne 1103.
(pdftex.def)             Requested size: 243.9851pt x 127.76326pt.
[26 <./data_figs/benchmark_248-266_F1-Measure.pdf> <./data_figs/benchmark_248-2
66_Precision.pdf

pdfTeX warning: /Library/TeX/texbin/pdflatex (file ./data_figs/benchmark_248-26
6_Precision.pdf): PDF inclusion: multiple pdfs with page group included in a si
ngle page
> <./data_figs/benchmark_248-266_Recall.pdf

pdfTeX warning: /Library/TeX/texbin/pdflatex (file ./data_figs/benchmark_248-26
6_Recall.pdf): PDF inclusion: multiple pdfs with page group included in a singl
e page
>] [27 <./data_figs/benchmark_average_F1-Measure.pdf> <./data_figs/benchmark_av
erage_Precision.pdf

pdfTeX warning: /Library/TeX/texbin/pdflatex (file ./data_figs/benchmark_averag
e_Precision.pdf): PDF inclusion: multiple pdfs with page group included in a si
ngle page
> <./data_figs/benchmark_average_Recall.pdf

pdfTeX warning: /Library/TeX/texbin/pdflatex (file ./data_figs/benchmark_averag
e_Recall.pdf): PDF inclusion: multiple pdfs with page group included in a singl
e page
>] [28 <./data_figs/conference_average_F1-Measure.pdf> <./data_figs/conference_
average_Precision.pdf

pdfTeX warning: /Library/TeX/texbin/pdflatex (file ./data_figs/conference_avera
ge_Precision.pdf): PDF inclusion: multiple pdfs with page group included in a s
ingle page
> <./data_figs/conference_average_Recall.pdf

pdfTeX warning: /Library/TeX/texbin/pdflatex (file ./data_figs/conference_avera
ge_Recall.pdf): PDF inclusion: multiple pdfs with page group included in a sing
le page
>] [29 <./data_figs/anatomy_anatomy_F1-Measure.pdf> <./data_figs/anatomy_anatom
y_Precision.pdf

pdfTeX warning: /Library/TeX/texbin/pdflatex (file ./data_figs/anatomy_anatomy_
Precision.pdf): PDF inclusion: multiple pdfs with page group included in a sing
le page
> <./data_figs/anatomy_anatomy_Recall.pdf

pdfTeX warning: /Library/TeX/texbin/pdflatex (file ./data_figs/anatomy_anatomy_
Recall.pdf): PDF inclusion: multiple pdfs with page group included in a single 
page
>] [30] [31] [32] [33] [34] [35]

Package caption Warning: Unused \captionsetup[longtable] on input line 26.
See the caption package documentation for explanation.

[36]
(/Users/zhongkai/PycharmProjects/onto_match_tuning/out/ontology_matching_tuning
.aux)

LaTeX Warning: There were undefined references.


LaTeX Warning: There were multiply-defined labels.

 ) 
Here is how much of TeX's memory you used:
 7437 strings out of 492616
 108538 string characters out of 6129481
 175675 words of memory out of 5000000
 11127 multiletter control sequences out of 15000+600000
 21045 words of font info for 80 fonts, out of 8000000 for 9000
 1141 hyphenation exceptions out of 8191
 41i,18n,43p,1132b,451s stack positions out of 5000i,500n,10000p,200000b,80000s
{/usr/local/texlive/2019/texmf-dist/fonts/enc/dvips/cm-super/cm-super-ts1.enc
}</usr/local/texlive/2019/texmf-dist/fonts/type1/public/amsfonts/cm/cmbx10.pfb>
</usr/local/texlive/2019/texmf-dist/fonts/type1/public/amsfonts/cm/cmbx12.pfb><
/usr/local/texlive/2019/texmf-dist/fonts/type1/public/amsfonts/cm/cmbx9.pfb></u
sr/local/texlive/2019/texmf-dist/fonts/type1/public/amsfonts/cm/cmex10.pfb></us
r/local/texlive/2019/texmf-dist/fonts/type1/public/amsfonts/cm/cmmi10.pfb></usr
/local/texlive/2019/texmf-dist/fonts/type1/public/amsfonts/cm/cmmi5.pfb></usr/l
ocal/texlive/2019/texmf-dist/fonts/type1/public/amsfonts/cm/cmmi7.pfb></usr/loc
al/texlive/2019/texmf-dist/fonts/type1/public/amsfonts/cm/cmmib10.pfb></usr/loc
al/texlive/2019/texmf-dist/fonts/type1/public/amsfonts/cm/cmr10.pfb></usr/local
/texlive/2019/texmf-dist/fonts/type1/public/amsfonts/cm/cmr5.pfb></usr/local/te
xlive/2019/texmf-dist/fonts/type1/public/amsfonts/cm/cmr7.pfb></usr/local/texli
ve/2019/texmf-dist/fonts/type1/public/amsfonts/cm/cmr8.pfb></usr/local/texlive/
2019/texmf-dist/fonts/type1/public/amsfonts/cm/cmr9.pfb></usr/local/texlive/201
9/texmf-dist/fonts/type1/public/amsfonts/cm/cmsl10.pfb></usr/local/texlive/2019
/texmf-dist/fonts/type1/public/amsfonts/cm/cmsl9.pfb></usr/local/texlive/2019/t
exmf-dist/fonts/type1/public/amsfonts/cm/cmsy10.pfb></usr/local/texlive/2019/te
xmf-dist/fonts/type1/public/amsfonts/cm/cmsy5.pfb></usr/local/texlive/2019/texm
f-dist/fonts/type1/public/amsfonts/cm/cmsy7.pfb></usr/local/texlive/2019/texmf-
dist/fonts/type1/public/amsfonts/cm/cmsy9.pfb></usr/local/texlive/2019/texmf-di
st/fonts/type1/public/amsfonts/cm/cmti10.pfb></usr/local/texlive/2019/texmf-dis
t/fonts/type1/public/amsfonts/cm/cmti8.pfb></usr/local/texlive/2019/texmf-dist/
fonts/type1/public/amsfonts/cm/cmtt10.pfb></usr/local/texlive/2019/texmf-dist/f
onts/type1/public/amsfonts/symbols/msam10.pfb></usr/local/texlive/2019/texmf-di
st/fonts/type1/public/amsfonts/symbols/msbm10.pfb></usr/local/texlive/2019/texm
f-dist/fonts/type1/public/cm-super/sfrm1000.pfb>
Output written on /Users/zhongkai/PycharmProjects/onto_match_tuning/out/ontolog
y_matching_tuning.pdf (36 pages, 1011653 bytes).
PDF statistics:
 3921 PDF objects out of 4296 (max. 8388607)
 2382 compressed objects within 24 object streams
 0 named destinations out of 1000 (max. 500000)
 136 words of extra memory for PDF output out of 10000 (max. 10000000)

